2003.07.08 11:10 B C:\larry\lab-related\cnl-web-copy\soprano\CapacityV10.pdf <-- cnl /export/home1/tlcomlab/httpd/htdocs/soprano CapacityV10.pdf
2003.07.08 11:10 B C:\larry\lab-related\cnl-web-copy\soprano\CNL-LOGO.jpg <-- cnl /export/home1/tlcomlab/httpd/htdocs/soprano CNL-LOGO.jpg
2003.07.08 11:10 B C:\larry\lab-related\cnl-web-copy\soprano\contents.htm <-- cnl /export/home1/tlcomlab/httpd/htdocs/soprano contents.htm
2003.07.08 11:10 B C:\larry\lab-related\cnl-web-copy\soprano\ew2002.jpg <-- cnl /export/home1/tlcomlab/httpd/htdocs/soprano ew2002.jpg
2003.07.08 11:10 B C:\larry\lab-related\cnl-web-copy\soprano\gatekeep.html <-- cnl /export/home1/tlcomlab/httpd/htdocs/soprano gatekeep.html
2003.07.08 11:10 B C:\larry\lab-related\cnl-web-copy\soprano\hand.jpg <-- cnl /export/home1/tlcomlab/httpd/htdocs/soprano hand.jpg
2003.07.08 11:10 B C:\larry\lab-related\cnl-web-copy\soprano\index.htm <-- cnl /export/home1/tlcomlab/httpd/htdocs/soprano index.htm
2003.07.08 11:10 B C:\larry\lab-related\cnl-web-copy\soprano\index.html <-- cnl /export/home1/tlcomlab/httpd/htdocs/soprano index.html
2003.07.08 11:10 B C:\larry\lab-related\cnl-web-copy\soprano\index2.htm <-- cnl /export/home1/tlcomlab/httpd/htdocs/soprano index2.htm
2003.07.08 11:10 B C:\larry\lab-related\cnl-web-copy\soprano\january9.htm <-- cnl /export/home1/tlcomlab/httpd/htdocs/soprano january9.htm
2003.07.08 11:10 B C:\larry\lab-related\cnl-web-copy\soprano\june15.htm <-- cnl /export/home1/tlcomlab/httpd/htdocs/soprano june15.htm
2003.07.08 11:10 B C:\larry\lab-related\cnl-web-copy\soprano\keeper.gif <-- cnl /export/home1/tlcomlab/httpd/htdocs/soprano keeper.gif
2003.07.08 11:10 B C:\larry\lab-related\cnl-web-copy\soprano\line.jpg <-- cnl /export/home1/tlcomlab/httpd/htdocs/soprano line.jpg
2003.07.08 11:10 B C:\larry\lab-related\cnl-web-copy\soprano\ManetV11.pdf <-- cnl /export/home1/tlcomlab/httpd/htdocs/soprano ManetV11.pdf
2003.07.08 11:10 B C:\larry\lab-related\cnl-web-copy\soprano\may4.htm <-- cnl /export/home1/tlcomlab/httpd/htdocs/soprano may4.htm
2003.07.08 11:10 B C:\larry\lab-related\cnl-web-copy\soprano\meetings.htm <-- cnl /export/home1/tlcomlab/httpd/htdocs/soprano meetings.htm
2003.07.08 11:10 B C:\larry\lab-related\cnl-web-copy\soprano\menu.htm <-- cnl /export/home1/tlcomlab/httpd/htdocs/soprano menu.htm
2003.07.08 11:10 B C:\larry\lab-related\cnl-web-copy\soprano\menu2.htm <-- cnl /export/home1/tlcomlab/httpd/htdocs/soprano menu2.htm
2003.07.08 11:10 B C:\larry\lab-related\cnl-web-copy\soprano\new.gif <-- cnl /export/home1/tlcomlab/httpd/htdocs/soprano new.gif
2003.07.08 11:10 B C:\larry\lab-related\cnl-web-copy\soprano\november11.htm <-- cnl /export/home1/tlcomlab/httpd/htdocs/soprano november11.htm
2003.07.08 11:10 B C:\larry\lab-related\cnl-web-copy\soprano\nsf.gif <-- cnl /export/home1/tlcomlab/httpd/htdocs/soprano nsf.gif
2003.07.08 11:10 B C:\larry\lab-related\cnl-web-copy\soprano\NSF.htm <-- cnl /export/home1/tlcomlab/httpd/htdocs/soprano NSF.htm
2003.07.08 11:10 B C:\larry\lab-related\cnl-web-copy\soprano\people.htm <-- cnl /export/home1/tlcomlab/httpd/htdocs/soprano people.htm
2003.07.08 11:10 B C:\larry\lab-related\cnl-web-copy\soprano\publications.htm <-- cnl /export/home1/tlcomlab/httpd/htdocs/soprano publications.htm
2003.07.08 11:10 B C:\larry\lab-related\cnl-web-copy\soprano\register_online.html <-- cnl /export/home1/tlcomlab/httpd/htdocs/soprano register_online.html
2003.07.08 11:10 B C:\larry\lab-related\cnl-web-copy\soprano\register_online_new.html <-- cnl /export/home1/tlcomlab/httpd/htdocs/soprano register_online_new.html
2003.07.08 11:10 B C:\larry\lab-related\cnl-web-copy\soprano\seminar_schedule.htm <-- cnl /export/home1/tlcomlab/httpd/htdocs/soprano seminar_schedule.htm
2003.07.08 11:10 B C:\larry\lab-related\cnl-web-copy\soprano\seminars.htm <-- cnl /export/home1/tlcomlab/httpd/htdocs/soprano seminars.htm
2003.07.08 11:10 B C:\larry\lab-related\cnl-web-copy\soprano\sim_tools.htm <-- cnl /export/home1/tlcomlab/httpd/htdocs/soprano sim_tools.htm
2003.07.08 11:10 B C:\larry\lab-related\cnl-web-copy\soprano\soprano-logo.gif <-- cnl /export/home1/tlcomlab/httpd/htdocs/soprano soprano-logo.gif
2003.07.08 11:10 B C:\larry\lab-related\cnl-web-copy\soprano\soprano.htm <-- cnl /export/home1/tlcomlab/httpd/htdocs/soprano soprano.htm
2003.07.08 11:10 B C:\larry\lab-related\cnl-web-copy\soprano\sponsors.htm <-- cnl /export/home1/tlcomlab/httpd/htdocs/soprano sponsors.htm
2003.07.08 11:10 B C:\larry\lab-related\cnl-web-copy\soprano\srctecmenu.js <-- cnl /export/home1/tlcomlab/httpd/htdocs/soprano srctecmenu.js
2003.07.08 11:10 B C:\larry\lab-related\cnl-web-copy\soprano\stuff4team.html <-- cnl /export/home1/tlcomlab/httpd/htdocs/soprano stuff4team.html
2003.07.08 11:10 B C:\larry\lab-related\cnl-web-copy\soprano\top.htm <-- cnl /export/home1/tlcomlab/httpd/htdocs/soprano top.htm
2003.07.08 11:10 B C:\larry\lab-related\cnl-web-copy\soprano\VTC00.pdf <-- cnl /export/home1/tlcomlab/httpd/htdocs/soprano VTC00.pdf
2003.07.08 14:21 B C:\larry\lab-related\cnl-web-htdocs\soprano\CapacityV10.pdf --> osf1.gmu.edu /nfs/jiju/htdocs/departments/cnl/soprano CapacityV10.pdf
2003.07.08 14:21 B C:\larry\lab-related\cnl-web-htdocs\soprano\CNL-LOGO.jpg --> osf1.gmu.edu /nfs/jiju/htdocs/departments/cnl/soprano CNL-LOGO.jpg
2003.07.08 14:21 B C:\larry\lab-related\cnl-web-htdocs\soprano\contents.htm --> osf1.gmu.edu /nfs/jiju/htdocs/departments/cnl/soprano contents.htm
2003.07.08 14:21 B C:\larry\lab-related\cnl-web-htdocs\soprano\ew2002.jpg --> osf1.gmu.edu /nfs/jiju/htdocs/departments/cnl/soprano ew2002.jpg
2003.07.08 14:21 B C:\larry\lab-related\cnl-web-htdocs\soprano\gatekeep.html --> osf1.gmu.edu /nfs/jiju/htdocs/departments/cnl/soprano gatekeep.html
2003.07.08 14:21 B C:\larry\lab-related\cnl-web-htdocs\soprano\hand.jpg --> osf1.gmu.edu /nfs/jiju/htdocs/departments/cnl/soprano hand.jpg
2003.07.08 14:21 B C:\larry\lab-related\cnl-web-htdocs\soprano\index.htm --> osf1.gmu.edu /nfs/jiju/htdocs/departments/cnl/soprano index.htm
2003.07.08 14:21 B C:\larry\lab-related\cnl-web-htdocs\soprano\index.html --> osf1.gmu.edu /nfs/jiju/htdocs/departments/cnl/soprano index.html
2003.07.08 14:21 B C:\larry\lab-related\cnl-web-htdocs\soprano\index2.htm --> osf1.gmu.edu /nfs/jiju/htdocs/departments/cnl/soprano index2.htm
2003.07.08 14:21 B C:\larry\lab-related\cnl-web-htdocs\soprano\january9.htm --> osf1.gmu.edu /nfs/jiju/htdocs/departments/cnl/soprano january9.htm
2003.07.08 14:22 B C:\larry\lab-related\cnl-web-htdocs\soprano\june15.htm --> osf1.gmu.edu /nfs/jiju/htdocs/departments/cnl/soprano june15.htm
2003.07.08 14:22 B C:\larry\lab-related\cnl-web-htdocs\soprano\keeper.gif --> osf1.gmu.edu /nfs/jiju/htdocs/departments/cnl/soprano keeper.gif
2003.07.08 14:22 B C:\larry\lab-related\cnl-web-htdocs\soprano\line.jpg --> osf1.gmu.edu /nfs/jiju/htdocs/departments/cnl/soprano line.jpg
2003.07.08 14:22 B C:\larry\lab-related\cnl-web-htdocs\soprano\ManetV11.pdf --> osf1.gmu.edu /nfs/jiju/htdocs/departments/cnl/soprano ManetV11.pdf
2003.07.08 14:22 B C:\larry\lab-related\cnl-web-htdocs\soprano\may4.htm --> osf1.gmu.edu /nfs/jiju/htdocs/departments/cnl/soprano may4.htm
2003.07.08 14:22 B C:\larry\lab-related\cnl-web-htdocs\soprano\meetings.htm --> osf1.gmu.edu /nfs/jiju/htdocs/departments/cnl/soprano meetings.htm
2003.07.08 14:22 B C:\larry\lab-related\cnl-web-htdocs\soprano\menu.htm --> osf1.gmu.edu /nfs/jiju/htdocs/departments/cnl/soprano menu.htm
2003.07.08 14:22 B C:\larry\lab-related\cnl-web-htdocs\soprano\menu2.htm --> osf1.gmu.edu /nfs/jiju/htdocs/departments/cnl/soprano menu2.htm
2003.07.08 14:22 B C:\larry\lab-related\cnl-web-htdocs\soprano\new.gif --> osf1.gmu.edu /nfs/jiju/htdocs/departments/cnl/soprano new.gif
2003.07.08 14:22 B C:\larry\lab-related\cnl-web-htdocs\soprano\november11.htm --> osf1.gmu.edu /nfs/jiju/htdocs/departments/cnl/soprano november11.htm
2003.07.08 14:22 B C:\larry\lab-related\cnl-web-htdocs\soprano\nsf.gif --> osf1.gmu.edu /nfs/jiju/htdocs/departments/cnl/soprano nsf.gif
2003.07.08 14:22 B C:\larry\lab-related\cnl-web-htdocs\soprano\NSF.htm --> osf1.gmu.edu /nfs/jiju/htdocs/departments/cnl/soprano NSF.htm
2003.07.08 14:22 B C:\larry\lab-related\cnl-web-htdocs\soprano\people.htm --> osf1.gmu.edu /nfs/jiju/htdocs/departments/cnl/soprano people.htm
2003.07.08 14:22 B C:\larry\lab-related\cnl-web-htdocs\soprano\publications.htm --> osf1.gmu.edu /nfs/jiju/htdocs/departments/cnl/soprano publications.htm
2003.07.08 14:22 B C:\larry\lab-related\cnl-web-htdocs\soprano\register_online.html --> osf1.gmu.edu /nfs/jiju/htdocs/departments/cnl/soprano register_online.html
2003.07.08 14:22 B C:\larry\lab-related\cnl-web-htdocs\soprano\register_online_new.html --> osf1.gmu.edu /nfs/jiju/htdocs/departments/cnl/soprano register_online_new.html
2003.07.08 14:22 B C:\larry\lab-related\cnl-web-htdocs\soprano\seminar_schedule.htm --> osf1.gmu.edu /nfs/jiju/htdocs/departments/cnl/soprano seminar_schedule.htm
2003.07.08 14:22 B C:\larry\lab-related\cnl-web-htdocs\soprano\seminars.htm --> osf1.gmu.edu /nfs/jiju/htdocs/departments/cnl/soprano seminars.htm
2003.07.08 14:22 B C:\larry\lab-related\cnl-web-htdocs\soprano\sim_tools.htm --> osf1.gmu.edu /nfs/jiju/htdocs/departments/cnl/soprano sim_tools.htm
2003.07.08 14:22 B C:\larry\lab-related\cnl-web-htdocs\soprano\soprano-logo.gif --> osf1.gmu.edu /nfs/jiju/htdocs/departments/cnl/soprano soprano-logo.gif
2003.07.08 14:22 B C:\larry\lab-related\cnl-web-htdocs\soprano\soprano.htm --> osf1.gmu.edu /nfs/jiju/htdocs/departments/cnl/soprano soprano.htm
2003.07.08 14:22 B C:\larry\lab-related\cnl-web-htdocs\soprano\sponsors.htm --> osf1.gmu.edu /nfs/jiju/htdocs/departments/cnl/soprano sponsors.htm
2003.07.08 14:22 B C:\larry\lab-related\cnl-web-htdocs\soprano\srctecmenu.js --> osf1.gmu.edu /nfs/jiju/htdocs/departments/cnl/soprano srctecmenu.js
2003.07.08 14:22 B C:\larry\lab-related\cnl-web-htdocs\soprano\stuff4team.html --> osf1.gmu.edu /nfs/jiju/htdocs/departments/cnl/soprano stuff4team.html
2003.07.08 14:22 B C:\larry\lab-related\cnl-web-htdocs\soprano\top.htm --> osf1.gmu.edu /nfs/jiju/htdocs/departments/cnl/soprano top.htm
2003.07.08 14:22 B C:\larry\lab-related\cnl-web-htdocs\soprano\VTC00.pdf --> osf1.gmu.edu /nfs/jiju/htdocs/departments/cnl/soprano VTC00.pdf
